app/build/intermediates/manifest_merge_blame_file/debug/processDebugMainManifest/manifest-merger-blame-debug-report.txt
1<?xml version="1.0" encoding="utf-8"?>
2<manifest xmlns:android="http://schemas.android.com/apk/res/android"
3    package="kim.tkland.musicbeewifisync"
4    android:versionCode="141"
5    android:versionName="3.0.11" >
6
7    <uses-sdk
8        android:minSdkVersion="31"
9        android:targetSdkVersion="35" />
10
11    <uses-permission android:name="android.permission.ACCESS_MEDIA_LOCATION" />
11-->src\main\AndroidManifest.xml:7:5-80
11-->src\main\AndroidManifest.xml:7:22-77
12    <uses-permission
12-->src\main\AndroidManifest.xml:8:5-10:38
13        android:name="android.permission.READ_MEDIA_AUDIO"
13-->src\main\AndroidManifest.xml:9:9-59
14        android:minSdkVersion="33" />
14-->src\main\AndroidManifest.xml:10:9-35
15    <uses-permission
15-->src\main\AndroidManifest.xml:11:5-13:38
16        android:name="android.permission.READ_EXTERNAL_STORAGE"
16-->src\main\AndroidManifest.xml:12:9-64
17        android:maxSdkVersion="32" />
17-->src\main\AndroidManifest.xml:13:9-35
18    <uses-permission android:name="android.permission.MANAGE_MEDIA" />
18-->src\main\AndroidManifest.xml:14:5-16:47
18-->src\main\AndroidManifest.xml:15:9-55
19    <uses-permission android:name="android.permission.STORAGE" />
19-->src\main\AndroidManifest.xml:17:5-66
19-->src\main\AndroidManifest.xml:17:22-63
20    <uses-permission android:name="android.permission.INTERNET" />
20-->src\main\AndroidManifest.xml:18:5-67
20-->src\main\AndroidManifest.xml:18:22-64
21    <uses-permission android:name="android.permission.FOREGROUND_SERVICE" />
21-->src\main\AndroidManifest.xml:19:5-77
21-->src\main\AndroidManifest.xml:19:22-74
22    <uses-permission
22-->src\main\AndroidManifest.xml:20:5-22:38
23        android:name="android.permission.FOREGROUND_SERVICE_DATA_SYNC"
23-->src\main\AndroidManifest.xml:21:9-71
24        android:minSdkVersion="34" />
24-->src\main\AndroidManifest.xml:22:9-35
25    <uses-permission android:name="android.permission.ACCESS_NETWORK_STATE" />
25-->src\main\AndroidManifest.xml:23:5-79
25-->src\main\AndroidManifest.xml:23:22-76
26
27    <queries>
27-->src\main\AndroidManifest.xml:25:5-27:15
28        <package android:name="com.maxmpz.audioplayer" />
28-->src\main\AndroidManifest.xml:26:9-58
28-->src\main\AndroidManifest.xml:26:18-55
29    </queries>
30
31    <permission
31-->[androidx.core:core:1.17.0] AndroidManifest.xml:22:5-24:47
32        android:name="kim.tkland.musicbeewifisync.DYNAMIC_RECEIVER_NOT_EXPORTED_PERMISSION"
32-->[androidx.core:core:1.17.0] AndroidManifest.xml:23:9-81
33        android:protectionLevel="signature" />
33-->[androidx.core:core:1.17.0] AndroidManifest.xml:24:9-44
34
35    <uses-permission android:name="kim.tkland.musicbeewifisync.DYNAMIC_RECEIVER_NOT_EXPORTED_PERMISSION" />
35-->[androidx.core:core:1.17.0] AndroidManifest.xml:26:5-97
35-->[androidx.core:core:1.17.0] AndroidManifest.xml:26:22-94
36
37    <application
37-->src\main\AndroidManifest.xml:29:5-70:19
38        android:name="kim.tkland.musicbeewifisync.WifiSyncApp"
38-->src\main\AndroidManifest.xml:30:9-36
39        android:appComponentFactory="androidx.core.app.CoreComponentFactory"
39-->[androidx.core:core:1.17.0] AndroidManifest.xml:28:18-86
40        android:debuggable="true"
41        android:enableOnBackInvokedCallback="true"
41-->src\main\AndroidManifest.xml:35:9-51
42        android:extractNativeLibs="false"
43        android:icon="@mipmap/ic_launcher"
43-->src\main\AndroidManifest.xml:31:9-43
44        android:label="@string/app_name"
44-->src\main\AndroidManifest.xml:32:9-41
45        android:roundIcon="@mipmap/ic_launcher_round"
45-->src\main\AndroidManifest.xml:33:9-54
46        android:supportsRtl="true"
46-->src\main\AndroidManifest.xml:34:9-35
47        android:testOnly="true"
48        android:theme="@style/Theme.AppCompat.Light.NoActionBar" >
48-->src\main\AndroidManifest.xml:36:9-65
49        <service
49-->src\main\AndroidManifest.xml:38:9-41:56
50            android:name="kim.tkland.musicbeewifisync.WifiSyncService"
50-->src\main\AndroidManifest.xml:39:13-44
51            android:exported="false"
51-->src\main\AndroidManifest.xml:40:13-37
52            android:foregroundServiceType="dataSync" />
52-->src\main\AndroidManifest.xml:41:13-53
53
54        <activity
54-->src\main\AndroidManifest.xml:42:9-51:20
55            android:name="kim.tkland.musicbeewifisync.MainActivity"
55-->src\main\AndroidManifest.xml:43:13-41
56            android:exported="true" >
56-->src\main\AndroidManifest.xml:44:13-36
57            <intent-filter>
57-->src\main\AndroidManifest.xml:45:13-50:29
58                <action android:name="android.intent.action.MAIN" />
58-->src\main\AndroidManifest.xml:46:17-69
58-->src\main\AndroidManifest.xml:46:25-66
59                <action android:name="android.intent.action.VIEW" />
59-->src\main\AndroidManifest.xml:47:17-69
59-->src\main\AndroidManifest.xml:47:25-66
60
61                <category android:name="android.intent.category.LAUNCHER" />
61-->src\main\AndroidManifest.xml:49:17-77
61-->src\main\AndroidManifest.xml:49:27-74
62            </intent-filter>
63        </activity>
64        <activity
64-->src\main\AndroidManifest.xml:52:9-54:63
65            android:name="kim.tkland.musicbeewifisync.SettingsActivity"
65-->src\main\AndroidManifest.xml:53:13-45
66            android:label="@string/title_activity_settings" />
66-->src\main\AndroidManifest.xml:54:13-60
67        <activity
67-->src\main\AndroidManifest.xml:55:9-57:66
68            android:name="kim.tkland.musicbeewifisync.SyncResultsStatusActivity"
68-->src\main\AndroidManifest.xml:56:13-54
69            android:label="@string/title_activity_sync_status" />
69-->src\main\AndroidManifest.xml:57:13-63
70        <activity
70-->src\main\AndroidManifest.xml:58:9-60:67
71            android:name="kim.tkland.musicbeewifisync.SyncResultsPreviewActivity"
71-->src\main\AndroidManifest.xml:59:13-55
72            android:label="@string/title_activity_sync_preview" />
72-->src\main\AndroidManifest.xml:60:13-64
73        <activity
73-->src\main\AndroidManifest.xml:61:9-63:69
74            android:name="kim.tkland.musicbeewifisync.PlaylistSyncActivity"
74-->src\main\AndroidManifest.xml:62:13-49
75            android:label="@string/title_activity_sync_playlists" />
75-->src\main\AndroidManifest.xml:63:13-66
76        <activity
76-->src\main\AndroidManifest.xml:64:9-66:69
77            android:name="kim.tkland.musicbeewifisync.ViewErrorLogActivity"
77-->src\main\AndroidManifest.xml:65:13-49
78            android:label="@string/title_activity_view_error_log" />
78-->src\main\AndroidManifest.xml:66:13-66
79        <activity
79-->src\main\AndroidManifest.xml:67:9-69:71
80            android:name="kim.tkland.musicbeewifisync.DeletePlaylistActivity"
80-->src\main\AndroidManifest.xml:68:13-51
81            android:label="@string/title_activity_delete_playlists" />
81-->src\main\AndroidManifest.xml:69:13-68
82
83        <provider
83-->[androidx.emoji2:emoji2:1.4.0] AndroidManifest.xml:24:9-32:20
84            android:name="androidx.startup.InitializationProvider"
84-->[androidx.emoji2:emoji2:1.4.0] AndroidManifest.xml:25:13-67
85            android:authorities="kim.tkland.musicbeewifisync.androidx-startup"
85-->[androidx.emoji2:emoji2:1.4.0] AndroidManifest.xml:26:13-68
86            android:exported="false" >
86-->[androidx.emoji2:emoji2:1.4.0] AndroidManifest.xml:27:13-37
87            <meta-data
87-->[androidx.emoji2:emoji2:1.4.0] AndroidManifest.xml:29:13-31:52
88                android:name="androidx.emoji2.text.EmojiCompatInitializer"
88-->[androidx.emoji2:emoji2:1.4.0] AndroidManifest.xml:30:17-75
89                android:value="androidx.startup" />
89-->[androidx.emoji2:emoji2:1.4.0] AndroidManifest.xml:31:17-49
90            <meta-data
90-->[androidx.lifecycle:lifecycle-process:2.10.0-alpha03] AndroidManifest.xml:29:13-31:52
91                android:name="androidx.lifecycle.ProcessLifecycleInitializer"
91-->[androidx.lifecycle:lifecycle-process:2.10.0-alpha03] AndroidManifest.xml:30:17-78
92                android:value="androidx.startup" />
92-->[androidx.lifecycle:lifecycle-process:2.10.0-alpha03] AndroidManifest.xml:31:17-49
93            <meta-data
93-->[androidx.profileinstaller:profileinstaller:1.4.0] AndroidManifest.xml:29:13-31:52
94                android:name="androidx.profileinstaller.ProfileInstallerInitializer"
94-->[androidx.profileinstaller:profileinstaller:1.4.0] AndroidManifest.xml:30:17-85
95                android:value="androidx.startup" />
95-->[androidx.profileinstaller:profileinstaller:1.4.0] AndroidManifest.xml:31:17-49
96        </provider>
97
98        <uses-library
98-->[androidx.window:window:1.4.0] AndroidManifest.xml:23:9-25:40
99            android:name="androidx.window.extensions"
99-->[androidx.window:window:1.4.0] AndroidManifest.xml:24:13-54
100            android:required="false" />
100-->[androidx.window:window:1.4.0] AndroidManifest.xml:25:13-37
101        <uses-library
101-->[androidx.window:window:1.4.0] AndroidManifest.xml:26:9-28:40
102            android:name="androidx.window.sidecar"
102-->[androidx.window:window:1.4.0] AndroidManifest.xml:27:13-51
103            android:required="false" />
103-->[androidx.window:window:1.4.0] AndroidManifest.xml:28:13-37
104
105        <activity
105-->[androidx.compose.ui:ui-tooling-android:1.9.1] AndroidManifest.xml:23:9-25:39
106            android:name="androidx.compose.ui.tooling.PreviewActivity"
106-->[androidx.compose.ui:ui-tooling-android:1.9.1] AndroidManifest.xml:24:13-71
107            android:exported="true" />
107-->[androidx.compose.ui:ui-tooling-android:1.9.1] AndroidManifest.xml:25:13-36
108
109        <receiver
109-->[androidx.profileinstaller:profileinstaller:1.4.0] AndroidManifest.xml:34:9-52:20
110            android:name="androidx.profileinstaller.ProfileInstallReceiver"
110-->[androidx.profileinstaller:profileinstaller:1.4.0] AndroidManifest.xml:35:13-76
111            android:directBootAware="false"
111-->[androidx.profileinstaller:profileinstaller:1.4.0] AndroidManifest.xml:36:13-44
112            android:enabled="true"
112-->[androidx.profileinstaller:profileinstaller:1.4.0] AndroidManifest.xml:37:13-35
113            android:exported="true"
113-->[androidx.profileinstaller:profileinstaller:1.4.0] AndroidManifest.xml:38:13-36
114            android:permission="android.permission.DUMP" >
114-->[androidx.profileinstaller:profileinstaller:1.4.0] AndroidManifest.xml:39:13-57
115            <intent-filter>
115-->[androidx.profileinstaller:profileinstaller:1.4.0] AndroidManifest.xml:40:13-42:29
116                <action android:name="androidx.profileinstaller.action.INSTALL_PROFILE" />
116-->[androidx.profileinstaller:profileinstaller:1.4.0] AndroidManifest.xml:41:17-91
116-->[androidx.profileinstaller:profileinstaller:1.4.0] AndroidManifest.xml:41:25-88
117            </intent-filter>
118            <intent-filter>
118-->[androidx.profileinstaller:profileinstaller:1.4.0] AndroidManifest.xml:43:13-45:29
119                <action android:name="androidx.profileinstaller.action.SKIP_FILE" />
119-->[androidx.profileinstaller:profileinstaller:1.4.0] AndroidManifest.xml:44:17-85
119-->[androidx.profileinstaller:profileinstaller:1.4.0] AndroidManifest.xml:44:25-82
120            </intent-filter>
121            <intent-filter>
121-->[androidx.profileinstaller:profileinstaller:1.4.0] AndroidManifest.xml:46:13-48:29
122                <action android:name="androidx.profileinstaller.action.SAVE_PROFILE" />
122-->[androidx.profileinstaller:profileinstaller:1.4.0] AndroidManifest.xml:47:17-88
122-->[androidx.profileinstaller:profileinstaller:1.4.0] AndroidManifest.xml:47:25-85
123            </intent-filter>
124            <intent-filter>
124-->[androidx.profileinstaller:profileinstaller:1.4.0] AndroidManifest.xml:49:13-51:29
125                <action android:name="androidx.profileinstaller.action.BENCHMARK_OPERATION" />
125-->[androidx.profileinstaller:profileinstaller:1.4.0] AndroidManifest.xml:50:17-95
125-->[androidx.profileinstaller:profileinstaller:1.4.0] AndroidManifest.xml:50:25-92
126            </intent-filter>
127        </receiver>
128    </application>
129
130</manifest>